Arguments: 
  /Users/marcopeg/.nvm/versions/node/v10.15.0/bin/node /usr/local/Cellar/yarn/1.13.0/libexec/bin/yarn.js add node-pg-pubsub

PATH: 
  /anaconda3/bin:/Users/marcopeg/.nvm/versions/node/v10.15.0/bin:/usr/local/bin:/usr/bin:/bin:/usr/sbin:/sbin:/Users/marcopeg/Library/Android/sdk/platform-tools:/Users/marcopeg/Library/Android/sdk/tools:/Users/marcopeg/Library/Android/sdk/tools/bin

Yarn version: 
  1.13.0

Node version: 
  10.15.0

Platform: 
  darwin x64

Trace: 
  Error: https://registry.yarnpkg.com/node-pg-pubsub: Not found
      at Request.params.callback [as _callback] (/usr/local/Cellar/yarn/1.13.0/libexec/lib/cli.js:66255:18)
      at Request.self.callback (/usr/local/Cellar/yarn/1.13.0/libexec/lib/cli.js:129397:22)
      at Request.emit (events.js:182:13)
      at Request.<anonymous> (/usr/local/Cellar/yarn/1.13.0/libexec/lib/cli.js:130369:10)
      at Request.emit (events.js:182:13)
      at IncomingMessage.<anonymous> (/usr/local/Cellar/yarn/1.13.0/libexec/lib/cli.js:130291:12)
      at Object.onceWrapper (events.js:273:13)
      at IncomingMessage.emit (events.js:187:15)
      at endReadableNT (_stream_readable.js:1094:12)
      at process._tickCallback (internal/process/next_tick.js:63:19)

npm manifest: 
  {
    "name": "@forrestjs/service-postgres-pubsub",
    "description": "ForrestJS service which helps turning a Postgres db into a pub/sub facility.",
    "version": "2.9.5",
    "author": "Marco Pegoraro <marco.pegoraro@gmail.com",
    "bugs": {
      "url": "https://github.com/forrestjs/forrestjs/issues"
    },
    "dependencies": {
      "@babel/runtime": "^7.4.4",
      "@forrestjs/hooks": "^2.9.5"
    },
    "devDependencies": {
      "@babel/cli": "^7.4.4",
      "@babel/core": "^7.4.4",
      "@forrestjs/babel-preset-package": "^2.9.5",
      "cross-env": "^5.1.4"
    },
    "homepage": "https://github.com/forrestjs/forrestjs/tree/master/packages/service-postgres-pubsub#readme",
    "keywords": [
      "forrestjs",
      "service",
      "jwt"
    ],
    "license": "MIT",
    "publishConfig": {
      "access": "public"
    },
    "repository": "https://github.com/forrestjs/forrestjs/tree/master/packages/service-postgres-pubsub",
    "scripts": {
      "clean": "rm -rf node_modules && rm -f yarn.lock && rm -f package-lock.json",
      "test": "jest",
      "build": "babel src --out-dir . --ignore **/__tests__",
      "prepare": "cross-env NODE_ENV=production npm run build",
      "watch": "babel -w src --out-dir . --ignore **/__tests__",
      "watch:to": "babel -w src --out-dir \"${TARGET}/node_modules/${npm_package_name}\" --ignore **/__tests__"
    },
    "gitHead": "842378d848c42fb0c272e888ea538ec04335cfc4"
  }

yarn manifest: 
  No manifest

Lockfile: 
  No lockfile
